Started GET "/" for 127.0.0.1 at 2017-11-09 11:17:36 -0800
Processing by Rails::WelcomeController#index as HTML
  Rendering /Users/avneesh1mehta/.rvm/gems/ruby-2.4.1/gems/railties-5.1.4/lib/rails/templates/rails/welcome/index.html.erb
  Rendered /Users/avneesh1mehta/.rvm/gems/ruby-2.4.1/gems/railties-5.1.4/lib/rails/templates/rails/welcome/index.html.erb (6.9ms)
Completed 200 OK in 420ms (Views: 17.0ms)


  [1m[35m (0.5ms)[0m  [1m[34mSELECT sqlite_version(*)[0m
  [1m[35m (3.5ms)[0m  [1m[35mCREATE TABLE "schema_migrations" ("version" varchar NOT NULL PRIMARY KEY)[0m
  [1m[35m (2.4ms)[0m  [1m[35mCREATE TABLE "ar_internal_metadata" ("key" varchar NOT NULL PRIMARY KEY, "value" varchar, "created_at" datetime NOT NULL, "updated_at" datetime NOT NULL)[0m
  [1m[35m (0.4ms)[0m  [1m[34mSELECT "schema_migrations"."version" FROM "schema_migrations" ORDER BY "schema_migrations"."version" ASC[0m
Migrating to CreateCryptocurrencies (20171109193756)
  [1m[35m (0.1ms)[0m  [1m[36mbegin transaction[0m
  [1m[35m (0.8ms)[0m  [1m[35mCREATE TABLE "cryptocurrencies" ("id" INTEGER PRIMARY KEY AUTOINCREMENT NOT NULL, "marketcap" float, "price" float, "nodes" integer, "volume" float, "created_at" datetime NOT NULL, "updated_at" datetime NOT NULL)[0m
  [1m[35mSQL (0.3ms)[0m  [1m[32mINSERT INTO "schema_migrations" ("version") VALUES (?)[0m  [["version", "20171109193756"]]
  [1m[35m (1.2ms)[0m  [1m[36mcommit transaction[0m
  [1m[36mActiveRecord::InternalMetadata Load (0.2ms)[0m  [1m[34mSELECT  "ar_internal_metadata".* FROM "ar_internal_metadata" WHERE "ar_internal_metadata"."key" = ? LIMIT ?[0m  [["key", "environment"], ["LIMIT", 1]]
  [1m[35m (0.1ms)[0m  [1m[36mbegin transaction[0m
  [1m[35mSQL (0.7ms)[0m  [1m[32mINSERT INTO "ar_internal_metadata" ("key", "value", "created_at", "updated_at") VALUES (?, ?, ?, ?)[0m  [["key", "environment"], ["value", "development"], ["created_at", "2017-11-09 19:41:11.044122"], ["updated_at", "2017-11-09 19:41:11.044122"]]
  [1m[35m (1.2ms)[0m  [1m[36mcommit transaction[0m
  [1m[35m (0.3ms)[0m  [1m[34mSELECT "schema_migrations"."version" FROM "schema_migrations" ORDER BY "schema_migrations"."version" ASC[0m
  [1m[35m (0.5ms)[0m  [1m[34mSELECT "schema_migrations"."version" FROM "schema_migrations" ORDER BY "schema_migrations"."version" ASC[0m
Migrating to AddNameToCryptocurrency (20171109200330)
  [1m[35m (0.1ms)[0m  [1m[36mbegin transaction[0m
  [1m[35m (1.4ms)[0m  [1m[35mALTER TABLE "cryptocurrencies" ADD "name" varchar[0m
  [1m[35mSQL (0.6ms)[0m  [1m[32mINSERT INTO "schema_migrations" ("version") VALUES (?)[0m  [["version", "20171109200330"]]
  [1m[35m (0.9ms)[0m  [1m[36mcommit transaction[0m
  [1m[36mActiveRecord::InternalMetadata Load (0.8ms)[0m  [1m[34mSELECT  "ar_internal_metadata".* FROM "ar_internal_metadata" WHERE "ar_internal_metadata"."key" = ? LIMIT ?[0m  [["key", "environment"], ["LIMIT", 1]]
  [1m[35m (0.1ms)[0m  [1m[36mbegin transaction[0m
  [1m[35m (0.1ms)[0m  [1m[36mcommit transaction[0m
  [1m[35m (0.8ms)[0m  [1m[34mSELECT "schema_migrations"."version" FROM "schema_migrations" ORDER BY "schema_migrations"."version" ASC[0m
  [1m[35m (0.5ms)[0m  [1m[34mSELECT "schema_migrations"."version" FROM "schema_migrations" ORDER BY "schema_migrations"."version" ASC[0m
  [1m[36mActiveRecord::InternalMetadata Load (0.8ms)[0m  [1m[34mSELECT  "ar_internal_metadata".* FROM "ar_internal_metadata" WHERE "ar_internal_metadata"."key" = ? LIMIT ?[0m  [["key", "environment"], ["LIMIT", 1]]
  [1m[35m (0.1ms)[0m  [1m[36mbegin transaction[0m
  [1m[35m (0.1ms)[0m  [1m[36mcommit transaction[0m
  [1m[35m (0.3ms)[0m  [1m[34mSELECT "schema_migrations"."version" FROM "schema_migrations" ORDER BY "schema_migrations"."version" ASC[0m
  [1m[35m (0.5ms)[0m  [1m[34mSELECT "schema_migrations"."version" FROM "schema_migrations" ORDER BY "schema_migrations"."version" ASC[0m
Migrating to RemoveNodeFromCryptocurrency (20171109223110)
  [1m[35m (0.1ms)[0m  [1m[36mbegin transaction[0m
  [1m[35m (0.1ms)[0m  [1m[34mSELECT sqlite_version(*)[0m
  [1m[35m (0.7ms)[0m  [1m[35mCREATE TEMPORARY TABLE "acryptocurrencies" ("id" INTEGER PRIMARY KEY AUTOINCREMENT NOT NULL, "marketcap" float DEFAULT NULL, "price" float DEFAULT NULL, "nodes" integer DEFAULT NULL, "volume" float DEFAULT NULL, "created_at" datetime NOT NULL, "updated_at" datetime NOT NULL, "name" varchar DEFAULT NULL)[0m
  [1m[35m (1.3ms)[0m  [1m[32mINSERT INTO "acryptocurrencies" ("id","marketcap","price","nodes","volume","created_at","updated_at","name")
                     SELECT "id","marketcap","price","nodes","volume","created_at","updated_at","name" FROM "cryptocurrencies"[0m
  [1m[35m (1.9ms)[0m  [1m[35mDROP TABLE "cryptocurrencies"[0m
  [1m[35m (0.5ms)[0m  [1m[35mCREATE TABLE "cryptocurrencies" ("id" INTEGER PRIMARY KEY AUTOINCREMENT NOT NULL, "marketcap" float DEFAULT NULL, "price" float DEFAULT NULL, "volume" float DEFAULT NULL, "created_at" datetime NOT NULL, "updated_at" datetime NOT NULL, "name" varchar DEFAULT NULL)[0m
  [1m[35m (0.2ms)[0m  [1m[32mINSERT INTO "cryptocurrencies" ("id","marketcap","price","volume","created_at","updated_at","name")
                     SELECT "id","marketcap","price","volume","created_at","updated_at","name" FROM "acryptocurrencies"[0m
  [1m[35m (0.2ms)[0m  [1m[35mDROP TABLE "acryptocurrencies"[0m
  [1m[35mSQL (1.5ms)[0m  [1m[32mINSERT INTO "schema_migrations" ("version") VALUES (?)[0m  [["version", "20171109223110"]]
  [1m[35m (1.1ms)[0m  [1m[36mcommit transaction[0m
  [1m[36mActiveRecord::InternalMetadata Load (1.0ms)[0m  [1m[34mSELECT  "ar_internal_metadata".* FROM "ar_internal_metadata" WHERE "ar_internal_metadata"."key" = ? LIMIT ?[0m  [["key", "environment"], ["LIMIT", 1]]
  [1m[35m (0.3ms)[0m  [1m[36mbegin transaction[0m
  [1m[35m (0.1ms)[0m  [1m[36mcommit transaction[0m
  [1m[35m (0.2ms)[0m  [1m[34mSELECT "schema_migrations"."version" FROM "schema_migrations" ORDER BY "schema_migrations"."version" ASC[0m
  [1m[35m (0.5ms)[0m  [1m[34mSELECT "schema_migrations"."version" FROM "schema_migrations" ORDER BY "schema_migrations"."version" ASC[0m
  [1m[35m (0.1ms)[0m  [1m[36mbegin transaction[0m
  [1m[35m (0.1ms)[0m  [1m[31mrollback transaction[0m
  [1m[35m (0.1ms)[0m  [1m[36mbegin transaction[0m
  [1m[35m (0.1ms)[0m  [1m[31mrollback transaction[0m
Started GET "/" for 127.0.0.1 at 2017-11-09 14:44:13 -0800
  [1m[35m (0.8ms)[0m  [1m[34mSELECT "schema_migrations"."version" FROM "schema_migrations" ORDER BY "schema_migrations"."version" ASC[0m
Processing by Rails::WelcomeController#index as HTML
  Rendering /Users/avneesh1mehta/.rvm/gems/ruby-2.4.1/gems/railties-5.1.4/lib/rails/templates/rails/welcome/index.html.erb
  Rendered /Users/avneesh1mehta/.rvm/gems/ruby-2.4.1/gems/railties-5.1.4/lib/rails/templates/rails/welcome/index.html.erb (19.6ms)
Completed 200 OK in 123ms (Views: 39.1ms | ActiveRecord: 0.0ms)


Started GET "/cryptocurrencys/fetch" for 127.0.0.1 at 2017-11-09 14:44:36 -0800
  
SyntaxError (/Users/avneesh1mehta/Desktop/rails/Cryptus/app/controllers/cryptocurrencys_controller.rb:4: syntax error, unexpected ':', expecting keyword_then or ';' or '\n'
    if params[:name] == 'btc':
                              ^):
  
app/controllers/cryptocurrencys_controller.rb:4: syntax error, unexpected ':', expecting keyword_then or ';' or '\n'
Started GET "/cryptocurrencys/fetch" for 127.0.0.1 at 2017-11-09 14:45:34 -0800
  
SyntaxError (/Users/avneesh1mehta/Desktop/rails/Cryptus/app/controllers/cryptocurrencys_controller.rb:17: syntax error, unexpected end-of-input, expecting keyword_end):
  
app/controllers/cryptocurrencys_controller.rb:17: syntax error, unexpected end-of-input, expecting keyword_end
Started GET "/cryptocurrencys/fetch" for 127.0.0.1 at 2017-11-09 14:45:50 -0800
Processing by CryptocurrencysController#fetch as HTML
  [1m[36mCryptocurrency Load (0.5ms)[0m  [1m[34mSELECT  "cryptocurrencies".* FROM "cryptocurrencies" WHERE "cryptocurrencies"."id" = ? LIMIT ?[0m  [["id", nil], ["LIMIT", 1]]
Completed 404 Not Found in 38ms (ActiveRecord: 6.0ms)


  
ActiveRecord::RecordNotFound (Couldn't find Cryptocurrency with 'id'=):
  
app/controllers/cryptocurrencys_controller.rb:3:in `fetch'
Started GET "/cryptocurrencys/fetch" for 127.0.0.1 at 2017-11-09 14:55:57 -0800
Processing by CryptocurrencysController#fetch as HTML
  [1m[36mCryptocurrency Load (0.7ms)[0m  [1m[34mSELECT  "cryptocurrencies".* FROM "cryptocurrencies" WHERE "cryptocurrencies"."name" IS NULL LIMIT ?[0m  [["LIMIT", 1]]
Completed 500 Internal Server Error in 29ms (ActiveRecord: 4.5ms)


  
NoMethodError (undefined method `name' for nil:NilClass):
  
app/controllers/cryptocurrencys_controller.rb:4:in `fetch'
